e:\project\03_flappybirdsfml_cpp\flappybirdprogram\flappybirdprogram\x64\debug\vc141.pdb
e:\project\03_flappybirdsfml_cpp\flappybirdprogram\flappybirdprogram\x64\debug\vc141.idb
e:\project\03_flappybirdsfml_cpp\flappybirdprogram\flappybirdprogram\x64\debug\statemachine.obj
e:\project\03_flappybirdsfml_cpp\flappybirdprogram\flappybirdprogram\x64\debug\splashstate.obj
e:\project\03_flappybirdsfml_cpp\flappybirdprogram\flappybirdprogram\x64\debug\mainmenustate.obj
e:\project\03_flappybirdsfml_cpp\flappybirdprogram\flappybirdprogram\x64\debug\main.obj
e:\project\03_flappybirdsfml_cpp\flappybirdprogram\flappybirdprogram\x64\debug\inputmanager.obj
e:\project\03_flappybirdsfml_cpp\flappybirdprogram\flappybirdprogram\x64\debug\game.obj
e:\project\03_flappybirdsfml_cpp\flappybirdprogram\flappybirdprogram\x64\debug\assetmanager.obj
e:\project\03_flappybirdsfml_cpp\flappybirdprogram\x64\debug\flappybirdprogram.pdb
e:\project\03_flappybirdsfml_cpp\flappybirdprogram\flappybirdprogram\x64\debug\flappybi.253ca244.tlog\cl.command.1.tlog
e:\project\03_flappybirdsfml_cpp\flappybirdprogram\flappybirdprogram\x64\debug\flappybi.253ca244.tlog\cl.read.1.tlog
e:\project\03_flappybirdsfml_cpp\flappybirdprogram\flappybirdprogram\x64\debug\flappybi.253ca244.tlog\cl.write.1.tlog
e:\project\03_flappybirdsfml_cpp\flappybirdprogram\flappybirdprogram\x64\debug\flappybi.253ca244.tlog\link-cvtres.read.1.tlog
e:\project\03_flappybirdsfml_cpp\flappybirdprogram\flappybirdprogram\x64\debug\flappybi.253ca244.tlog\link-cvtres.write.1.tlog
e:\project\03_flappybirdsfml_cpp\flappybirdprogram\flappybirdprogram\x64\debug\flappybi.253ca244.tlog\link-rc.read.1.tlog
e:\project\03_flappybirdsfml_cpp\flappybirdprogram\flappybirdprogram\x64\debug\flappybi.253ca244.tlog\link-rc.write.1.tlog
e:\project\03_flappybirdsfml_cpp\flappybirdprogram\flappybirdprogram\x64\debug\flappybi.253ca244.tlog\link.command.1.tlog
e:\project\03_flappybirdsfml_cpp\flappybirdprogram\flappybirdprogram\x64\debug\flappybi.253ca244.tlog\link.read.1.tlog
e:\project\03_flappybirdsfml_cpp\flappybirdprogram\flappybirdprogram\x64\debug\flappybi.253ca244.tlog\link.write.1.tlog
