  AssetManager.cpp
  Game.cpp
  InputManager.cpp
e:\project\03_flappybirdsfml_cpp\flappybirdprogram\flappybirdprogram\inputmanager.cpp(10): warning C4244: 'argument': conversion from 'T' to 'T', possible loss of data
          with
          [
              T=float
          ]
          and
          [
              T=int
          ]
e:\project\03_flappybirdsfml_cpp\flappybirdprogram\flappybirdprogram\inputmanager.cpp(9): warning C4244: 'argument': conversion from 'const T' to 'T', possible loss of data
          with
          [
              T=float
          ]
          and
          [
              T=int
          ]
  main.cpp
  MainMenuState.cpp
  SplashState.cpp
  StateMachine.cpp
  Generating Code...
  FlappyBirdProgram.vcxproj -> E:\Project\03_FlappyBirdSFML_cpp\FlappyBirdProgram\x64\Debug\FlappyBirdProgram.exe
